2013/06/15 03:28:06 INFO  - jmeter.util.JMeterUtils: Setting Locale to en_IN 
2013/06/15 03:28:06 INFO  - jmeter.JMeter: Loading user properties from: /home/shekhar/Ubuntu One/workspace/apache-jmeter-2.9/bin/user.properties 
2013/06/15 03:28:06 INFO  - jmeter.JMeter: Loading system properties from: /home/shekhar/Ubuntu One/workspace/apache-jmeter-2.9/bin/system.properties 
2013/06/15 03:28:06 INFO  - jmeter.JMeter: Copyright (c) 1998-2013 The Apache Software Foundation 
2013/06/15 03:28:06 INFO  - jmeter.JMeter: Version 2.9 
2013/06/15 03:28:06 INFO  - jmeter.JMeter: java.version=1.7.0_21 
2013/06/15 03:28:06 INFO  - jmeter.JMeter: java.vm.name=OpenJDK Server VM 
2013/06/15 03:28:06 INFO  - jmeter.JMeter: os.name=Linux 
2013/06/15 03:28:06 INFO  - jmeter.JMeter: os.arch=i386 
2013/06/15 03:28:06 INFO  - jmeter.JMeter: os.version=3.8.0-23-generic 
2013/06/15 03:28:06 INFO  - jmeter.JMeter: file.encoding=UTF-8 
2013/06/15 03:28:06 INFO  - jmeter.JMeter: Default Locale=English (India) 
2013/06/15 03:28:06 INFO  - jmeter.JMeter: JMeter  Locale=English (India) 
2013/06/15 03:28:06 INFO  - jmeter.JMeter: JMeterHome=/home/shekhar/Ubuntu One/workspace/apache-jmeter-2.9 
2013/06/15 03:28:06 INFO  - jmeter.JMeter: user.dir  =/home/shekhar/Ubuntu One/workspace/apache-jmeter-2.9/bin 
2013/06/15 03:28:06 INFO  - jmeter.JMeter: PWD       =/home/shekhar/Ubuntu One/workspace/apache-jmeter-2.9/bin 
2013/06/15 03:28:06 INFO  - jmeter.JMeter: IP: 127.0.1.1 Name: spitzer FullName: spitzer 
2013/06/15 03:28:06 INFO  - jmeter.JMeter: Loaded icon properties from org/apache/jmeter/images/icon.properties 
2013/06/15 03:28:07 INFO  - jmeter.engine.util.CompoundVariable: Note: Function class names must contain the string: '.functions.' 
2013/06/15 03:28:07 INFO  - jmeter.engine.util.CompoundVariable: Note: Function class names must not contain the string: '.gui.' 
2013/06/15 03:28:08 INFO  - jmeter.gui.action.LookAndFeelCommand: Using look and feel: com.sun.java.swing.plaf.gtk.GTKLookAndFeel [GTK+, System] 
2013/06/15 03:28:09 INFO  - jmeter.gui.util.MenuFactory: Skipping kg.apc.jmeter.config.VariablesFromCSVFile 
2013/06/15 03:28:10 INFO  - jmeter.util.BSFTestElement: Registering JMeter version of JavaScript engine as work-round for BSF-22 
2013/06/15 03:28:10 INFO  - jmeter.protocol.http.sampler.HTTPSamplerBase: Cannot find .className property for htmlParser, using default 
2013/06/15 03:28:10 INFO  - jmeter.protocol.http.sampler.HTTPSamplerBase: Parser for text/html is  
2013/06/15 03:28:10 INFO  - jmeter.protocol.http.sampler.HTTPSamplerBase: Parser for application/xhtml+xml is  
2013/06/15 03:28:10 INFO  - jmeter.protocol.http.sampler.HTTPSamplerBase: Parser for application/xml is  
2013/06/15 03:28:10 INFO  - jmeter.protocol.http.sampler.HTTPSamplerBase: Parser for text/xml is  
2013/06/15 03:28:10 INFO  - jmeter.protocol.http.sampler.HTTPSamplerBase: Parser for text/vnd.wap.wml is org.apache.jmeter.protocol.http.parser.RegexpHTMLParser 
2013/06/15 03:28:10 INFO  - jmeter.protocol.http.sampler.HTTPSamplerBase: Reuse SSL session context on subsequent iterations: true 
2013/06/15 03:28:10 INFO  - jmeter.gui.util.MenuFactory: Skipping org.apache.jmeter.protocol.http.modifier.gui.ParamModifierGui 
2013/06/15 03:28:11 INFO  - jmeter.samplers.SampleResult: Note: Sample TimeStamps are START times 
2013/06/15 03:28:11 INFO  - jmeter.samplers.SampleResult: sampleresult.default.encoding is set to ISO-8859-1 
2013/06/15 03:28:11 INFO  - jmeter.samplers.SampleResult: sampleresult.useNanoTime=true 
2013/06/15 03:28:11 INFO  - jmeter.samplers.SampleResult: sampleresult.nanoThreadSleep=5000 
2013/06/15 03:28:17 INFO  - jmeter.services.FileServer: Default base='/home/shekhar/Ubuntu One/workspace/apache-jmeter-2.9/bin' 
2013/06/15 03:28:17 INFO  - jmeter.gui.action.Load: Loading file: /home/shekhar/Ubuntu One/workspace/apache-jmeter-2.9/bin/FirstTest.jmx 
2013/06/15 03:28:17 INFO  - jmeter.services.FileServer: Set new base='/home/shekhar/Ubuntu One/workspace/apache-jmeter-2.9/bin' 
2013/06/15 03:28:17 INFO  - jmeter.save.SaveService: Testplan (JMX) version: 2.2. Testlog (JTL) version: 2.2 
2013/06/15 03:28:17 INFO  - jmeter.save.SaveService: Using SaveService properties file encoding UTF-8 
2013/06/15 03:28:17 INFO  - jmeter.save.SaveService: Using SaveService properties file version 1427507 
2013/06/15 03:28:17 INFO  - jmeter.save.SaveService: Using SaveService properties version 2.4 
2013/06/15 03:28:17 INFO  - jmeter.save.SaveService: All converter versions present and correct 
2013/06/15 03:28:17 INFO  - jmeter.protocol.http.sampler.HTTPHCAbstractImpl: Local host = spitzer 
2013/06/15 03:28:17 INFO  - jmeter.protocol.http.sampler.HTTPHC4Impl: HTTP request retry count = 1 
2013/06/15 03:28:18 INFO  - jmeter.protocol.http.sampler.HTTPHC4Impl: Setting up HTTPS TrustAll scheme 
2013/06/15 03:28:18 INFO  - jmeter.util.JsseSSLManager: Using default SSL protocol: TLS 
2013/06/15 03:28:18 INFO  - jmeter.util.JsseSSLManager: SSL session context: per-thread 
2013/06/15 03:28:18 INFO  - jmeter.services.FileServer: Set new base='/home/shekhar/Ubuntu One/workspace/apache-jmeter-2.9/bin' 
2013/06/15 03:28:39 INFO  - jmeter.engine.StandardJMeterEngine: Listeners will be started after enabling running version 
2013/06/15 03:28:39 INFO  - jmeter.engine.StandardJMeterEngine: To revert to the earlier behaviour, define jmeterengine.startlistenerslater=false 
2013/06/15 03:28:39 INFO  - jmeter.engine.StandardJMeterEngine: Running the test! 
2013/06/15 03:28:39 INFO  - jmeter.gui.util.JMeterMenuBar: setRunning(true,*local*) 
2013/06/15 03:28:39 INFO  - jmeter.engine.StandardJMeterEngine: Starting ThreadGroup: 1 : Thread Group 
2013/06/15 03:28:39 INFO  - jmeter.engine.StandardJMeterEngine: Starting 10 threads for group Thread Group. 
2013/06/15 03:28:39 INFO  - jmeter.engine.StandardJMeterEngine: Thread will continue on error 
2013/06/15 03:28:39 INFO  - jmeter.threads.ThreadGroup: Starting thread group number 1 threads 10 ramp-up 1 perThread 100.0 delayedStart=false 
2013/06/15 03:28:39 INFO  - jmeter.threads.JMeterThread: jmeterthread.startearlier=true (see jmeter.properties) 
2013/06/15 03:28:39 INFO  - jmeter.threads.JMeterThread: Running PostProcessors in forward order 
2013/06/15 03:28:39 INFO  - jmeter.threads.JMeterThread: Thread started: Thread Group 1-1 
2013/06/15 03:28:39 INFO  - jmeter.protocol.http.sampler.HTTPSamplerBase: In the Sampler Base 
2013/06/15 03:28:39 INFO  - jmeter.protocol.http.sampler.HTTPHC4Impl: Value of CPS CHANGED 
2013/06/15 03:28:39 INFO  - jmeter.threads.ThreadGroup: Started thread group number 1 
2013/06/15 03:28:39 INFO  - jmeter.engine.StandardJMeterEngine: All thread groups have been started 
2013/06/15 03:28:39 INFO  - jmeter.threads.JMeterThread: Thread started: Thread Group 1-2 
2013/06/15 03:28:39 INFO  - jmeter.protocol.http.sampler.HTTPSamplerBase: In the Sampler Base 
2013/06/15 03:28:39 INFO  - jmeter.protocol.http.sampler.HTTPSamplerBase: In the Sampler Base 
2013/06/15 03:28:39 INFO  - jmeter.protocol.http.sampler.HTTPSamplerBase: In the Sampler Base 
2013/06/15 03:28:39 INFO  - jmeter.threads.JMeterThread: Thread started: Thread Group 1-3 
2013/06/15 03:28:39 INFO  - jmeter.protocol.http.sampler.HTTPSamplerBase: In the Sampler Base 
2013/06/15 03:28:39 INFO  - jmeter.threads.JMeterThread: Thread started: Thread Group 1-4 
2013/06/15 03:28:39 INFO  - jmeter.protocol.http.sampler.HTTPSamplerBase: In the Sampler Base 
2013/06/15 03:28:39 INFO  - jmeter.threads.JMeterThread: Thread started: Thread Group 1-5 
2013/06/15 03:28:39 INFO  - jmeter.protocol.http.sampler.HTTPSamplerBase: In the Sampler Base 
2013/06/15 03:28:40 INFO  - jmeter.threads.JMeterThread: Thread started: Thread Group 1-6 
2013/06/15 03:28:40 INFO  - jmeter.protocol.http.sampler.HTTPSamplerBase: In the Sampler Base 
2013/06/15 03:28:40 INFO  - jmeter.threads.JMeterThread: Thread started: Thread Group 1-7 
2013/06/15 03:28:40 INFO  - jmeter.protocol.http.sampler.HTTPSamplerBase: In the Sampler Base 
2013/06/15 03:28:40 INFO  - jmeter.threads.JMeterThread: Thread started: Thread Group 1-8 
2013/06/15 03:28:40 INFO  - jmeter.protocol.http.sampler.HTTPSamplerBase: In the Sampler Base 
2013/06/15 03:28:40 INFO  - jmeter.threads.JMeterThread: Thread started: Thread Group 1-9 
2013/06/15 03:28:40 INFO  - jmeter.protocol.http.sampler.HTTPSamplerBase: In the Sampler Base 
2013/06/15 03:28:40 INFO  - jmeter.threads.JMeterThread: Thread started: Thread Group 1-10 
2013/06/15 03:28:40 INFO  - jmeter.protocol.http.sampler.HTTPSamplerBase: In the Sampler Base 
2013/06/15 03:28:41 INFO  - jmeter.threads.JMeterThread: Thread finished: Thread Group 1-1 
2013/06/15 03:28:41 INFO  - jmeter.threads.JMeterThread: Thread finished: Thread Group 1-2 
2013/06/15 03:28:41 INFO  - jmeter.protocol.http.sampler.HTTPSamplerBase: In the Sampler Base 
2013/06/15 03:28:41 INFO  - jmeter.protocol.http.sampler.HTTPSamplerBase: In the Sampler Base 
2013/06/15 03:28:41 INFO  - jmeter.protocol.http.sampler.HTTPSamplerBase: In the Sampler Base 
2013/06/15 03:28:41 INFO  - jmeter.protocol.http.sampler.HTTPSamplerBase: In the Sampler Base 
2013/06/15 03:28:41 INFO  - jmeter.protocol.http.sampler.HTTPSamplerBase: In the Sampler Base 
2013/06/15 03:28:41 INFO  - jmeter.protocol.http.sampler.HTTPSamplerBase: In the Sampler Base 
2013/06/15 03:28:41 INFO  - jmeter.protocol.http.sampler.HTTPSamplerBase: In the Sampler Base 
2013/06/15 03:28:41 INFO  - jmeter.protocol.http.sampler.HTTPSamplerBase: In the Sampler Base 
2013/06/15 03:28:41 INFO  - jmeter.threads.JMeterThread: Thread finished: Thread Group 1-4 
2013/06/15 03:28:41 INFO  - jmeter.threads.JMeterThread: Thread finished: Thread Group 1-3 
2013/06/15 03:28:41 INFO  - jmeter.threads.JMeterThread: Thread finished: Thread Group 1-7 
2013/06/15 03:28:41 INFO  - jmeter.threads.JMeterThread: Thread finished: Thread Group 1-5 
2013/06/15 03:28:41 INFO  - jmeter.threads.JMeterThread: Thread finished: Thread Group 1-6 
2013/06/15 03:28:41 INFO  - jmeter.threads.JMeterThread: Thread finished: Thread Group 1-8 
2013/06/15 03:28:41 INFO  - jmeter.threads.JMeterThread: Thread finished: Thread Group 1-9 
2013/06/15 03:28:41 INFO  - jmeter.threads.JMeterThread: Thread finished: Thread Group 1-10 
2013/06/15 03:28:41 INFO  - jmeter.engine.StandardJMeterEngine: Notifying test listeners of end of test 
2013/06/15 03:28:41 INFO  - jmeter.gui.util.JMeterMenuBar: setRunning(false,*local*) 
2013/06/15 03:29:14 INFO  - jmeter.engine.StandardJMeterEngine: Running the test! 
2013/06/15 03:29:14 INFO  - jmeter.gui.util.JMeterMenuBar: setRunning(true,*local*) 
2013/06/15 03:29:14 INFO  - jmeter.engine.StandardJMeterEngine: Starting ThreadGroup: 1 : Thread Group 
2013/06/15 03:29:14 INFO  - jmeter.engine.StandardJMeterEngine: Starting 10 threads for group Thread Group. 
2013/06/15 03:29:14 INFO  - jmeter.engine.StandardJMeterEngine: Thread will continue on error 
2013/06/15 03:29:14 INFO  - jmeter.threads.ThreadGroup: Starting thread group number 1 threads 10 ramp-up 1 perThread 100.0 delayedStart=false 
2013/06/15 03:29:14 INFO  - jmeter.threads.JMeterThread: Thread started: Thread Group 1-1 
2013/06/15 03:29:14 INFO  - jmeter.protocol.http.sampler.HTTPSamplerBase: In the Sampler Base 
2013/06/15 03:29:14 INFO  - jmeter.protocol.http.sampler.HTTPHC4Impl: Value of CPS CHANGED 
2013/06/15 03:29:14 INFO  - jmeter.threads.ThreadGroup: Started thread group number 1 
2013/06/15 03:29:14 INFO  - jmeter.engine.StandardJMeterEngine: All thread groups have been started 
2013/06/15 03:29:14 INFO  - jmeter.protocol.http.sampler.HTTPSamplerBase: In the Sampler Base 
2013/06/15 03:29:14 INFO  - jmeter.threads.JMeterThread: Thread finished: Thread Group 1-1 
2013/06/15 03:29:14 INFO  - jmeter.threads.JMeterThread: Thread started: Thread Group 1-2 
2013/06/15 03:29:14 INFO  - jmeter.protocol.http.sampler.HTTPSamplerBase: In the Sampler Base 
2013/06/15 03:29:14 INFO  - jmeter.protocol.http.sampler.HTTPSamplerBase: In the Sampler Base 
2013/06/15 03:29:14 INFO  - jmeter.threads.JMeterThread: Thread finished: Thread Group 1-2 
2013/06/15 03:29:14 INFO  - jmeter.threads.JMeterThread: Thread started: Thread Group 1-3 
2013/06/15 03:29:14 INFO  - jmeter.protocol.http.sampler.HTTPSamplerBase: In the Sampler Base 
2013/06/15 03:29:14 INFO  - jmeter.protocol.http.sampler.HTTPSamplerBase: In the Sampler Base 
2013/06/15 03:29:15 INFO  - jmeter.threads.JMeterThread: Thread finished: Thread Group 1-3 
2013/06/15 03:29:15 INFO  - jmeter.threads.JMeterThread: Thread started: Thread Group 1-4 
2013/06/15 03:29:15 INFO  - jmeter.protocol.http.sampler.HTTPSamplerBase: In the Sampler Base 
2013/06/15 03:29:15 INFO  - jmeter.protocol.http.sampler.HTTPSamplerBase: In the Sampler Base 
2013/06/15 03:29:15 INFO  - jmeter.threads.JMeterThread: Thread started: Thread Group 1-5 
2013/06/15 03:29:15 INFO  - jmeter.protocol.http.sampler.HTTPSamplerBase: In the Sampler Base 
2013/06/15 03:29:15 INFO  - jmeter.threads.JMeterThread: Thread finished: Thread Group 1-4 
2013/06/15 03:29:15 INFO  - jmeter.protocol.http.sampler.HTTPSamplerBase: In the Sampler Base 
2013/06/15 03:29:15 INFO  - jmeter.threads.JMeterThread: Thread started: Thread Group 1-6 
2013/06/15 03:29:15 INFO  - jmeter.protocol.http.sampler.HTTPSamplerBase: In the Sampler Base 
2013/06/15 03:29:15 INFO  - jmeter.threads.JMeterThread: Thread finished: Thread Group 1-5 
2013/06/15 03:29:15 INFO  - jmeter.protocol.http.sampler.HTTPSamplerBase: In the Sampler Base 
2013/06/15 03:29:15 INFO  - jmeter.threads.JMeterThread: Thread started: Thread Group 1-7 
2013/06/15 03:29:15 INFO  - jmeter.protocol.http.sampler.HTTPSamplerBase: In the Sampler Base 
2013/06/15 03:29:15 INFO  - jmeter.protocol.http.sampler.HTTPSamplerBase: In the Sampler Base 
2013/06/15 03:29:15 INFO  - jmeter.threads.JMeterThread: Thread started: Thread Group 1-8 
2013/06/15 03:29:15 INFO  - jmeter.protocol.http.sampler.HTTPSamplerBase: In the Sampler Base 
2013/06/15 03:29:15 INFO  - jmeter.threads.JMeterThread: Thread finished: Thread Group 1-6 
2013/06/15 03:29:15 INFO  - jmeter.threads.JMeterThread: Thread started: Thread Group 1-9 
2013/06/15 03:29:15 INFO  - jmeter.protocol.http.sampler.HTTPSamplerBase: In the Sampler Base 
2013/06/15 03:29:15 INFO  - jmeter.protocol.http.sampler.HTTPSamplerBase: In the Sampler Base 
2013/06/15 03:29:15 INFO  - jmeter.threads.JMeterThread: Thread finished: Thread Group 1-7 
2013/06/15 03:29:15 INFO  - jmeter.threads.JMeterThread: Thread started: Thread Group 1-10 
2013/06/15 03:29:15 INFO  - jmeter.protocol.http.sampler.HTTPSamplerBase: In the Sampler Base 
2013/06/15 03:29:15 INFO  - jmeter.protocol.http.sampler.HTTPSamplerBase: In the Sampler Base 
2013/06/15 03:29:15 INFO  - jmeter.threads.JMeterThread: Thread finished: Thread Group 1-8 
2013/06/15 03:29:15 INFO  - jmeter.protocol.http.sampler.HTTPSamplerBase: In the Sampler Base 
2013/06/15 03:29:15 INFO  - jmeter.threads.JMeterThread: Thread finished: Thread Group 1-9 
2013/06/15 03:29:15 INFO  - jmeter.threads.JMeterThread: Thread finished: Thread Group 1-10 
2013/06/15 03:29:15 INFO  - jmeter.engine.StandardJMeterEngine: Notifying test listeners of end of test 
2013/06/15 03:29:15 INFO  - jmeter.gui.util.JMeterMenuBar: setRunning(false,*local*) 
2013/06/15 03:30:10 INFO  - jmeter.engine.StandardJMeterEngine: Running the test! 
2013/06/15 03:30:10 INFO  - jmeter.gui.util.JMeterMenuBar: setRunning(true,*local*) 
2013/06/15 03:30:10 INFO  - jmeter.engine.StandardJMeterEngine: Starting ThreadGroup: 1 : Thread Group 
2013/06/15 03:30:10 INFO  - jmeter.engine.StandardJMeterEngine: Starting 10 threads for group Thread Group. 
2013/06/15 03:30:10 INFO  - jmeter.engine.StandardJMeterEngine: Thread will continue on error 
2013/06/15 03:30:10 INFO  - jmeter.threads.ThreadGroup: Starting thread group number 1 threads 10 ramp-up 1 perThread 100.0 delayedStart=false 
2013/06/15 03:30:10 INFO  - jmeter.threads.JMeterThread: Thread started: Thread Group 1-1 
2013/06/15 03:30:10 INFO  - jmeter.protocol.http.sampler.HTTPSamplerBase: In the Sampler Base 
2013/06/15 03:30:10 INFO  - jmeter.protocol.http.sampler.HTTPHC4Impl: Value of CPS CHANGED 
2013/06/15 03:30:10 INFO  - jmeter.threads.ThreadGroup: Started thread group number 1 
2013/06/15 03:30:10 INFO  - jmeter.engine.StandardJMeterEngine: All thread groups have been started 
2013/06/15 03:30:10 INFO  - jmeter.protocol.http.sampler.HTTPSamplerBase: In the Sampler Base 
2013/06/15 03:30:10 INFO  - jmeter.threads.JMeterThread: Thread finished: Thread Group 1-1 
2013/06/15 03:30:10 INFO  - jmeter.threads.JMeterThread: Thread started: Thread Group 1-2 
2013/06/15 03:30:10 INFO  - jmeter.protocol.http.sampler.HTTPSamplerBase: In the Sampler Base 
2013/06/15 03:30:10 INFO  - jmeter.protocol.http.sampler.HTTPSamplerBase: In the Sampler Base 
2013/06/15 03:30:10 INFO  - jmeter.threads.JMeterThread: Thread finished: Thread Group 1-2 
2013/06/15 03:30:10 INFO  - jmeter.threads.JMeterThread: Thread started: Thread Group 1-3 
2013/06/15 03:30:10 INFO  - jmeter.protocol.http.sampler.HTTPSamplerBase: In the Sampler Base 
2013/06/15 03:30:10 INFO  - jmeter.protocol.http.sampler.HTTPSamplerBase: In the Sampler Base 
2013/06/15 03:30:10 INFO  - jmeter.threads.JMeterThread: Thread finished: Thread Group 1-3 
2013/06/15 03:30:10 INFO  - jmeter.threads.JMeterThread: Thread started: Thread Group 1-4 
2013/06/15 03:30:10 INFO  - jmeter.protocol.http.sampler.HTTPSamplerBase: In the Sampler Base 
2013/06/15 03:30:10 INFO  - jmeter.protocol.http.sampler.HTTPSamplerBase: In the Sampler Base 
2013/06/15 03:30:10 INFO  - jmeter.threads.JMeterThread: Thread finished: Thread Group 1-4 
2013/06/15 03:30:10 INFO  - jmeter.threads.JMeterThread: Thread started: Thread Group 1-5 
2013/06/15 03:30:10 INFO  - jmeter.protocol.http.sampler.HTTPSamplerBase: In the Sampler Base 
2013/06/15 03:30:10 INFO  - jmeter.protocol.http.sampler.HTTPSamplerBase: In the Sampler Base 
2013/06/15 03:30:10 INFO  - jmeter.threads.JMeterThread: Thread finished: Thread Group 1-5 
2013/06/15 03:30:10 INFO  - jmeter.threads.JMeterThread: Thread started: Thread Group 1-6 
2013/06/15 03:30:10 INFO  - jmeter.protocol.http.sampler.HTTPSamplerBase: In the Sampler Base 
2013/06/15 03:30:10 INFO  - jmeter.protocol.http.sampler.HTTPSamplerBase: In the Sampler Base 
2013/06/15 03:30:10 INFO  - jmeter.threads.JMeterThread: Thread finished: Thread Group 1-6 
2013/06/15 03:30:10 INFO  - jmeter.threads.JMeterThread: Thread started: Thread Group 1-7 
2013/06/15 03:30:10 INFO  - jmeter.protocol.http.sampler.HTTPSamplerBase: In the Sampler Base 
2013/06/15 03:30:10 INFO  - jmeter.protocol.http.sampler.HTTPSamplerBase: In the Sampler Base 
2013/06/15 03:30:10 INFO  - jmeter.threads.JMeterThread: Thread finished: Thread Group 1-7 
2013/06/15 03:30:10 INFO  - jmeter.threads.JMeterThread: Thread started: Thread Group 1-8 
2013/06/15 03:30:10 INFO  - jmeter.protocol.http.sampler.HTTPSamplerBase: In the Sampler Base 
2013/06/15 03:30:10 INFO  - jmeter.protocol.http.sampler.HTTPSamplerBase: In the Sampler Base 
2013/06/15 03:30:11 INFO  - jmeter.threads.JMeterThread: Thread finished: Thread Group 1-8 
2013/06/15 03:30:11 INFO  - jmeter.threads.JMeterThread: Thread started: Thread Group 1-9 
2013/06/15 03:30:11 INFO  - jmeter.protocol.http.sampler.HTTPSamplerBase: In the Sampler Base 
2013/06/15 03:30:11 INFO  - jmeter.protocol.http.sampler.HTTPSamplerBase: In the Sampler Base 
2013/06/15 03:30:11 INFO  - jmeter.threads.JMeterThread: Thread finished: Thread Group 1-9 
2013/06/15 03:30:11 INFO  - jmeter.threads.JMeterThread: Thread started: Thread Group 1-10 
2013/06/15 03:30:11 INFO  - jmeter.protocol.http.sampler.HTTPSamplerBase: In the Sampler Base 
2013/06/15 03:30:11 INFO  - jmeter.protocol.http.sampler.HTTPSamplerBase: In the Sampler Base 
2013/06/15 03:30:11 INFO  - jmeter.threads.JMeterThread: Thread finished: Thread Group 1-10 
2013/06/15 03:30:11 INFO  - jmeter.engine.StandardJMeterEngine: Notifying test listeners of end of test 
2013/06/15 03:30:11 INFO  - jmeter.gui.util.JMeterMenuBar: setRunning(false,*local*) 
2013/06/15 03:32:55 INFO  - jmeter.engine.StandardJMeterEngine: Running the test! 
2013/06/15 03:32:55 INFO  - jmeter.gui.util.JMeterMenuBar: setRunning(true,*local*) 
2013/06/15 03:32:55 INFO  - jmeter.engine.StandardJMeterEngine: Starting ThreadGroup: 1 : Thread Group 
2013/06/15 03:32:55 INFO  - jmeter.engine.StandardJMeterEngine: Starting 10 threads for group Thread Group. 
2013/06/15 03:32:55 INFO  - jmeter.engine.StandardJMeterEngine: Thread will continue on error 
2013/06/15 03:32:55 INFO  - jmeter.threads.ThreadGroup: Starting thread group number 1 threads 10 ramp-up 1 perThread 100.0 delayedStart=false 
2013/06/15 03:32:55 INFO  - jmeter.threads.JMeterThread: Thread started: Thread Group 1-1 
2013/06/15 03:32:55 INFO  - jmeter.protocol.http.sampler.HTTPSamplerBase: In the Sampler Base 
2013/06/15 03:32:55 INFO  - jmeter.protocol.http.sampler.HTTPHC4Impl: Value of CPS CHANGED 
2013/06/15 03:32:55 INFO  - jmeter.protocol.http.sampler.HTTPHC4Impl:  Error from Http Sampler ---------------------------: 0.0 
2013/06/15 03:32:55 INFO  - jmeter.protocol.http.sampler.HTTPHC4Impl: Setting up HTTP SlowProtocol, bandwidthCPS = 10 and CPS 10 
2013/06/15 03:32:55 INFO  - jmeter.threads.ThreadGroup: Started thread group number 1 
2013/06/15 03:32:55 INFO  - jmeter.engine.StandardJMeterEngine: All thread groups have been started 
2013/06/15 03:32:55 INFO  - jmeter.threads.JMeterThread: Thread started: Thread Group 1-2 
2013/06/15 03:32:55 INFO  - jmeter.protocol.http.sampler.HTTPSamplerBase: In the Sampler Base 
2013/06/15 03:32:55 INFO  - jmeter.protocol.http.sampler.HTTPHC4Impl:  Error from Http Sampler ---------------------------: 0.0 
2013/06/15 03:32:55 INFO  - jmeter.protocol.http.sampler.HTTPHC4Impl: Setting up HTTP SlowProtocol, bandwidthCPS = 10 and CPS 10 
2013/06/15 03:32:55 INFO  - jmeter.threads.JMeterThread: Thread started: Thread Group 1-3 
2013/06/15 03:32:55 INFO  - jmeter.protocol.http.sampler.HTTPSamplerBase: In the Sampler Base 
2013/06/15 03:32:55 INFO  - jmeter.protocol.http.sampler.HTTPHC4Impl:  Error from Http Sampler ---------------------------: 0.0 
2013/06/15 03:32:55 INFO  - jmeter.protocol.http.sampler.HTTPHC4Impl: Setting up HTTP SlowProtocol, bandwidthCPS = 10 and CPS 10 
2013/06/15 03:32:55 INFO  - jmeter.threads.JMeterThread: Thread started: Thread Group 1-4 
2013/06/15 03:32:55 INFO  - jmeter.protocol.http.sampler.HTTPSamplerBase: In the Sampler Base 
2013/06/15 03:32:55 INFO  - jmeter.protocol.http.sampler.HTTPHC4Impl:  Error from Http Sampler ---------------------------: 0.0 
2013/06/15 03:32:55 INFO  - jmeter.protocol.http.sampler.HTTPHC4Impl: Setting up HTTP SlowProtocol, bandwidthCPS = 10 and CPS 10 
2013/06/15 03:32:55 INFO  - jmeter.threads.JMeterThread: Thread started: Thread Group 1-5 
2013/06/15 03:32:55 INFO  - jmeter.protocol.http.sampler.HTTPSamplerBase: In the Sampler Base 
2013/06/15 03:32:55 INFO  - jmeter.protocol.http.sampler.HTTPHC4Impl:  Error from Http Sampler ---------------------------: 0.0 
2013/06/15 03:32:55 INFO  - jmeter.protocol.http.sampler.HTTPHC4Impl: Setting up HTTP SlowProtocol, bandwidthCPS = 10 and CPS 10 
2013/06/15 03:32:55 INFO  - jmeter.threads.JMeterThread: Thread started: Thread Group 1-6 
2013/06/15 03:32:55 INFO  - jmeter.protocol.http.sampler.HTTPSamplerBase: In the Sampler Base 
2013/06/15 03:32:55 INFO  - jmeter.protocol.http.sampler.HTTPHC4Impl:  Error from Http Sampler ---------------------------: 0.0 
2013/06/15 03:32:55 INFO  - jmeter.protocol.http.sampler.HTTPHC4Impl: Setting up HTTP SlowProtocol, bandwidthCPS = 10 and CPS 10 
2013/06/15 03:32:55 INFO  - jmeter.threads.JMeterThread: Thread started: Thread Group 1-7 
2013/06/15 03:32:55 INFO  - jmeter.protocol.http.sampler.HTTPSamplerBase: In the Sampler Base 
2013/06/15 03:32:55 INFO  - jmeter.protocol.http.sampler.HTTPHC4Impl:  Error from Http Sampler ---------------------------: 0.0 
2013/06/15 03:32:55 INFO  - jmeter.protocol.http.sampler.HTTPHC4Impl: Setting up HTTP SlowProtocol, bandwidthCPS = 10 and CPS 10 
2013/06/15 03:32:55 INFO  - jmeter.threads.JMeterThread: Thread started: Thread Group 1-8 
2013/06/15 03:32:55 INFO  - jmeter.protocol.http.sampler.HTTPSamplerBase: In the Sampler Base 
2013/06/15 03:32:55 INFO  - jmeter.protocol.http.sampler.HTTPHC4Impl:  Error from Http Sampler ---------------------------: 0.0 
2013/06/15 03:32:55 INFO  - jmeter.protocol.http.sampler.HTTPHC4Impl: Setting up HTTP SlowProtocol, bandwidthCPS = 10 and CPS 10 
2013/06/15 03:32:56 INFO  - jmeter.threads.JMeterThread: Thread started: Thread Group 1-9 
2013/06/15 03:32:56 INFO  - jmeter.protocol.http.sampler.HTTPSamplerBase: In the Sampler Base 
2013/06/15 03:32:56 INFO  - jmeter.protocol.http.sampler.HTTPHC4Impl:  Error from Http Sampler ---------------------------: 0.0 
2013/06/15 03:32:56 INFO  - jmeter.protocol.http.sampler.HTTPHC4Impl: Setting up HTTP SlowProtocol, bandwidthCPS = 10 and CPS 10 
2013/06/15 03:32:56 INFO  - jmeter.threads.JMeterThread: Thread started: Thread Group 1-10 
2013/06/15 03:32:56 INFO  - jmeter.protocol.http.sampler.HTTPSamplerBase: In the Sampler Base 
2013/06/15 03:32:56 INFO  - jmeter.protocol.http.sampler.HTTPHC4Impl:  Error from Http Sampler ---------------------------: 0.0 
2013/06/15 03:32:56 INFO  - jmeter.protocol.http.sampler.HTTPHC4Impl: Setting up HTTP SlowProtocol, bandwidthCPS = 10 and CPS 10 
2013/06/15 03:33:55 INFO  - jmeter.gui.action.Start: Stopping test 
2013/06/15 03:33:55 INFO  - jmeter.threads.JMeterThread: Stopping: Thread Group 1-6 
2013/06/15 03:33:55 WARN  - jmeter.threads.JMeterThread: Interrupting: Thread Group 1-6 sampler: HTTP Request 
2013/06/15 03:33:55 INFO  - jmeter.threads.JMeterThread: Stopping: Thread Group 1-8 
2013/06/15 03:33:55 WARN  - jmeter.threads.JMeterThread: Interrupting: Thread Group 1-8 sampler: HTTP Request 
2013/06/15 03:33:55 INFO  - jmeter.threads.JMeterThread: Stopping: Thread Group 1-1 
2013/06/15 03:33:55 WARN  - jmeter.threads.JMeterThread: Interrupting: Thread Group 1-1 sampler: HTTP Request 
2013/06/15 03:33:55 INFO  - jmeter.threads.JMeterThread: Stopping: Thread Group 1-2 
2013/06/15 03:33:55 WARN  - jmeter.threads.JMeterThread: Interrupting: Thread Group 1-2 sampler: HTTP Request 
2013/06/15 03:33:55 INFO  - jmeter.threads.JMeterThread: Stopping: Thread Group 1-9 
2013/06/15 03:33:55 WARN  - jmeter.threads.JMeterThread: Interrupting: Thread Group 1-9 sampler: HTTP Request 
2013/06/15 03:33:55 INFO  - jmeter.threads.JMeterThread: Stopping: Thread Group 1-5 
2013/06/15 03:33:55 WARN  - jmeter.threads.JMeterThread: Interrupting: Thread Group 1-5 sampler: HTTP Request 
2013/06/15 03:33:55 INFO  - jmeter.threads.JMeterThread: Stopping: Thread Group 1-7 
2013/06/15 03:33:55 WARN  - jmeter.threads.JMeterThread: Interrupting: Thread Group 1-7 sampler: HTTP Request 
2013/06/15 03:33:55 INFO  - jmeter.threads.JMeterThread: Stopping: Thread Group 1-10 
2013/06/15 03:33:55 WARN  - jmeter.threads.JMeterThread: Interrupting: Thread Group 1-10 sampler: HTTP Request 
2013/06/15 03:33:56 INFO  - jmeter.threads.JMeterThread: Stopping: Thread Group 1-4 
2013/06/15 03:33:56 WARN  - jmeter.threads.JMeterThread: Interrupting: Thread Group 1-4 sampler: HTTP Request 
2013/06/15 03:33:56 INFO  - jmeter.threads.JMeterThread: Stopping: Thread Group 1-3 
2013/06/15 03:33:56 WARN  - jmeter.threads.JMeterThread: Interrupting: Thread Group 1-3 sampler: HTTP Request 
2013/06/15 03:33:56 INFO  - jmeter.threads.JMeterThread: Thread finished: Thread Group 1-6 
2013/06/15 03:33:56 INFO  - jmeter.threads.JMeterThread: Thread finished: Thread Group 1-1 
2013/06/15 03:33:56 INFO  - jmeter.threads.JMeterThread: Thread finished: Thread Group 1-2 
2013/06/15 03:33:56 INFO  - jmeter.threads.JMeterThread: Thread finished: Thread Group 1-9 
2013/06/15 03:33:56 INFO  - jmeter.threads.JMeterThread: Thread finished: Thread Group 1-5 
2013/06/15 03:33:56 INFO  - jmeter.threads.JMeterThread: Thread finished: Thread Group 1-7 
2013/06/15 03:33:56 INFO  - jmeter.threads.JMeterThread: Thread finished: Thread Group 1-10 
2013/06/15 03:33:56 INFO  - jmeter.threads.JMeterThread: Thread finished: Thread Group 1-4 
2013/06/15 03:33:56 INFO  - jmeter.threads.JMeterThread: Thread finished: Thread Group 1-8 
2013/06/15 03:33:56 INFO  - jmeter.threads.JMeterThread: Thread finished: Thread Group 1-3 
2013/06/15 03:33:56 INFO  - jmeter.engine.StandardJMeterEngine: Notifying test listeners of end of test 
2013/06/15 03:33:56 INFO  - jmeter.gui.util.JMeterMenuBar: setRunning(false,*local*) 
